profit = 11055800
_nvars = 565
_ncons = 795

:        x   w_used    :=
1         .     0
2         .     0
3         .     0
4         .     0
5         .     0
6         .     0
7         .     1
8         .     0
SH001      0     .
SH002      0     .
SH003      0     .
SH004      0     .
SH005      0     .
SH006      0     .
SH007      0     .
SH008      0     .
SH009      0     .
SH010      0     .
SH011    444     .
SH012      0     .
SH013    632     .
SH014      0     .
SH015      0     .
SH016      0     .
SH017      0     .
SH018      0     .
SH019     83     .
SH020      0     .
SH021      0     .
SH022      0     .
SH023      0     .
SH024     16     .
SH025    376     .
SH026      0     .
SH027    526     .
SH028      0     .
SH029    483     .
SH030      0     .
SH031    545     .
SH032    649     .
SH033      0     .
SH034    725     .
SH035      0     .
SH036      0     .
SH037      0     .
SH038     88     .
SH039    333     .
SH040    750     .
SH041    196     .
SH042      0     .
SH043      0     .
SH044    435     .
SH045      0     .
SH046      0     .
SH047    314     .
SH048      0     .
SH049      0     .
SH050    241     .
SH051      0     .
SH052      0     .
SH053      0     .
SH054      0     .
SH055      0     .
SH056      0     .
SH057    159     .
SH058    603     .
SH059      0     .
SH060      0     .
SH061    855     .
SH062    545     .
SH063      0     .
SH064      0     .
SH065      0     .
SH066      0     .
SH067      0     .
SH068    287     .
SH069      0     .
SH070      0     .
SH071      0     .
SH072    233     .
SH073      0     .
SH074      0     .
SH075      0     .
SH076     91     .
SH077      0     .
SH078      0     .
SH079      0     .
SH080    516     .
SH081    301     .
SH082    301     .
SH083      0     .
SH084      0     .
SH085      0     .
SH086      0     .
SH087      0     .
SH088    173     .
SH089      0     .
SH090    591     .
SH091      0     .
SH092      0     .
SH093      0     .
SH094    304     .
SH095    404     .
SH096    760     .
SH097      0     .
SH098      0     .
SH099      0     .
SH100      0     .
SH101      0     .
SH102      0     .
SH103      0     .
SH104      0     .
SH105   1064     .
SH106      0     .
SH107     39     .
SH108      0     .
SH109      0     .
SH110    689     .
SH111      0     .
SH112      0     .
SH113    422     .
SH114      0     .
SH115     72     .
SH116      0     .
SH117      0     .
SH118    113     .
SH119      0     .
SH120      0     .
SH121   1857     .
SH122      0     .
SH123      0     .
SH124      0     .
SH125      0     .
SH126      0     .
SH127      0     .
SH128      0     .
SH129      0     .
SH130      0     .
SH131      0     .
SH132      0     .
SH133      0     .
SH134      0     .
SH135      0     .
SH136      0     .
SH137      0     .
SH138      0     .
SH139      0     .
SH140      0     .
SH141      0     .
SH142    190     .
SH143      0     .
SH144     76     .
SH145      0     .
SH146      0     .
SH147    423     .
SH148      0     .
SH149      0     .
SH150    285     .
SH151      0     .
SH152      0     .
SH153      0     .
SH154    121     .
SH155      0     .
SH156      0     .
SH157      0     .
SH158      0     .
SH159      0     .
SH160      0     .
SH161      0     .
SH162      0     .
SH163      0     .
SH164      0     .
SH165    853     .
SH166      0     .
SH167      0     .
SH168      0     .
SH169      0     .
SH170      0     .
SH171      0     .
SH172      0     .
SH173    120     .
SH174      0     .
SH175      0     .
SH176    330     .
SH177      0     .
SH178      0     .
SH179      0     .
SH180      0     .
SH181      0     .
SH182      0     .
SH183    105     .
SH184      0     .
SH185      0     .
SH186      0     .
SH187     37     .
SH188      0     .
SH189      0     .
SH190      0     .
SH191      0     .
SH192      0     .
SH193      0     .
SH194      0     .
SH195    138     .
SH196      0     .
SH197    895     .
SH198      0     .
SH199      0     .
SH200      0     .
SH201    878     .
SH202      0     .
SH203    872     .
SH204      0     .
SH205    414     .
SH206      0     .
SH207      0     .
SH208      0     .
SH209    798     .
SH210      0     .
SH211      0     .
SH212      0     .
SH213    256     .
SH214      0     .
SH215      0     .
SH216      0     .
SH217    350     .
SH218      0     .
SH219      0     .
SH220      0     .
SH221   1003     .
SH222      0     .
SH223    971     .
SH224    606     .
SH225    926     .
SH226    660     .
SH227    777     .
SH228      0     .
SH229    184     .
SH230    428     .
SH231      0     .
SH232      0     .
SH233    431     .
SH234    636     .
SH235    325     .
SH236    530     .
SH237      0     .
SH238     75     .
SH239      0     .
SH240      0     .
SH241      0     .
SH242      0     .
SH243      0     .
SH244      0     .
SH245    288     .
SH246      0     .
SH247      0     .
SH248     14     .
SH249    763     .
SH250      0     .
SH251      0     .
SH252      0     .
SH253    491     .
SH254    247     .
SH255      0     .
SH256   1166     .
SH257      0     .
SH258      0     .
SH259     25     .
SH260      0     .
SH261    717     .
SH262   1266     .
SH263      0     .
SH264      0     .
SH265     20     .
SH266      0     .
SH267      0     .
SH268      0     .
SH269    922     .
SH270      0     .
SH271      0     .
SH272      0     .
SH273      0     .
SH274    121     .
SH275      0     .
SH276      0     .
SH277    887     .
SH278      0     .
SH279      0     .
SH280      0     .
SH281    151     .
SH282    912     .
SH283      0     .
SH284      0     .
SH285      0     .
SH286      0     .
SH287    867     .
SH288      0     .
SH289     37     .
SH290      0     .
SH291      0     .
SH292      0     .
SH293      0     .
SH294      0     .
SH295    992     .
SH296      0     .
SH297      0     .
SH298    350     .
SH299    182     .
SH300    860     .
SH301      0     .
SH302      0     .
SH303      0     .
SH304      0     .
SH305      0     .
SH306      0     .
SH307      0     .
SH308    399     .
SH309      0     .
SH310      0     .
SH311      0     .
SH312    347     .
SH313    916     .
SH314    208     .
SH315      0     .
SH316    677     .
SH317    272     .
SH318      0     .
SH319      0     .
SH320    903     .
SH321      0     .
SH322      0     .
SH323      0     .
SH324      0     .
SH325      0     .
SH326      0     .
SH327      0     .
SH328      0     .
SH329    378     .
SH330      0     .
SH331      0     .
SH332      0     .
SH333      0     .
SH334    692     .
SH335      0     .
SH336      0     .
SH337      0     .
SH338    453     .
SH339      0     .
SH340    495     .
SH341     50     .
SH342      0     .
SH343      0     .
SH344      0     .
SH345    361     .
SH346      0     .
SH347      0     .
SH348     23     .
SH349      0     .
SH350      0     .
SH351      0     .
SH352    547     .
SH353      0     .
SH354      0     .
SH355      0     .
SH356      0     .
SH357      0     .
SH358      0     .
SH359     14     .
SH360      0     .
SH361     74     .
SH362      0     .
SH363      0     .
SH364      0     .
SH365      0     .
SH366      0     .
SH367    171     .
SH368      0     .
SH369      0     .
SH370      0     .
SH371      0     .
SH372      0     .
SH373     15     .
SH374      0     .
SH375      0     .
SH376      0     .
SH377      0     .
SH378    446     .
SH379    408     .
SH380      0     .
SH381      0     .
SH382      0     .
SH383      0     .
SH384   1133     .
SH385      0     .
SH386      0     .
SH387      0     .
SH388      0     .
SH389      0     .
SH390      0     .
SH391      0     .
SH392      0     .
SH393      0     .
SH394      0     .
SH395    307     .
SH396      0     .
SH397      0     .
SH398      0     .
SH399     55     .
SH400      0     .
SH401      0     .
SH402      0     .
SH403      0     .
SH404      0     .
SH405      0     .
SH406      0     .
SH407    536     .
SH408      0     .
SH409      0     .
SH410      0     .
SH411    187     .
SH412      0     .
SH413      0     .
SH414      0     .
SH415      0     .
SH416      0     .
SH417    556     .
SH418      0     .
SH419    548     .
SH420      0     .
SH421    196     .
SH422      0     .
SH423   1469     .
SH424      0     .
SH425    724     .
SH426      0     .
SH427   1416     .
SH428      0     .
SH429      0     .
SH430    359     .
SH431      0     .
SH432      0     .
SH433      0     .
SH434      0     .
SH435      0     .
SH436      0     .
SH437      0     .
SH438      0     .
SH439      0     .
SH440      0     .
SH441      0     .
SH442      0     .
SH443      0     .
SH444      0     .
SH445    776     .
SH446      0     .
SH447      0     .
SH448      0     .
SH449    283     .
SH450      0     .
SH451    133     .
SH452      0     .
SH453   1258     .
SH454      0     .
SH455      0     .
SH456     56     .
SH457      0     .
SH458      0     .
SH459      0     .
SH460      0     .
SH461      0     .
SH462    302     .
SH463      0     .
SH464      0     .
SH465    532     .
SH466    517     .
SH467    471     .
SH468      0     .
SH469      0     .
SH470    283     .
SH471    387     .
SH472      0     .
SH473    845     .
SH474    408     .
SH475      0     .
SH476    360     .
SH477   1052     .
SH478    589     .
SH479    451     .
SH480      0     .
SH481      0     .
SH482    262     .
SH483    859     .
SH484      0     .
SH485      0     .
SH486      0     .
SH487      0     .
SH488      0     .
SH489    276     .
SH490   1125     .
SH491    394     .
SH492      0     .
SH493      0     .
SH494      0     .
SH495      0     .
SH496      0     .
SH497    497     .
SH498      0     .
SH499      0     .
SH500    797     .
SH501   1071     .
SH502      0     .
SH503      0     .
SH504      0     .
SH505      0     .
SH506      0     .
SH507      0     .
SH508    886     .
SH509      0     .
SH510      0     .
SH511    737     .
SH512    498     .
SH513    176     .
SH514    419     .
SH515      0     .
SH516   1111     .
SH517      0     .
SH518      0     .
SH519      0     .
SH520      0     .
SH521    469     .
SH522      0     .
SH523      0     .
SH524      0     .
SH525    405     .
SH526      0     .
SH527      0     .
SH528      0     .
SH529      0     .
SH530      0     .
SH531      0     .
SH532    616     .
SH533      0     .
SH534      0     .
SH535    727     .
SH536      0     .
SH537      0     .
SH538      0     .
SH539      0     .
SH540    538     .
SH541      0     .
SH542      0     .
SH543    186     .
SH544     29     .
SH545      0     .
SH546      0     .
SH547      0     .
SH548      0     .
SH549      0     .
SH550      0     .
SH551      0     .
SH552    107     .
SH553      0     .
SH554      0     .
SH555      0     .
SH556    788     .
SH557    394     .
;

co1 = 0

:     co2 co3 co4    :=
1       0   0   .
2       0   0   .
3       0   0   .
4       0   0   .
5       0   0   .
6       0   0   .
7       0   0   .
8       0   0   .
9       0   0   .
10      0   0   .
11      0   0   .
12      0   0   .
13      0   0   .
14      0   0   .
15      0   0   .
16      0   0   .
17      0   0   .
18      0   0   .
19      0   0   .
20      0   0   .
21      0   0   .
22      0   0   .
23      0   0   .
24      0   0   .
25      0   0   .
26      0   0   .
27      0   0   .
28      0   0   .
29      0   0   .
30      0   0   .
31      0   0   .
32      0   0   .
33      0   0   .
34      0   0   .
35      0   0   .
36      0   0   .
37      0   0   .
38      0   0   .
39      0   0   .
40      0   0   .
41      0   0   .
42      0   0   .
43      0   0   .
44      0   0   .
45      0   0   .
46      0   0   .
47      0   0   .
48      0   0   .
49      0   0   .
50      0   0   .
51      0   0   .
52      0   0   .
53      0   0   .
54      0   0   .
55      0   0   .
56      0   0   .
57      0   0   .
58      0   0   .
59      0   0   .
60      0   0   .
61      0   0   .
62      0   0   .
63      0   0   .
64      0   0   .
65      0   0   .
66      0   0   .
67      0   0   .
68      0   0   .
69      0   0   .
70      0   0   .
71      0   0   .
72      0   0   .
73      .   0   .
74      .   0   .
75      .   0   .
76      .   0   .
77      .   0   .
78      .   0   .
79      .   0   .
80      .   0   .
81      .   0   .
82      .   0   .
83      .   0   .
84      .   0   .
85      .   0   .
86      .   0   .
87      .   0   .
88      .   0   .
89      .   0   .
90      .   0   .
91      .   0   .
92      .   0   .
93      .   0   .
94      .   0   .
95      .   0   .
96      .   0   .
97      .   0   .
98      .   0   .
99      .   0   .
100     .   0   .
101     .   0   .
102     .   0   .
103     .   0   .
104     .   0   .
105     .   0   .
106     .   0   .
107     .   0   .
108     .   0   .
109     .   0   .
110     .   0   .
111     .   0   .
112     .   0   .
113     .   0   .
114     .   0   .
115     .   0   .
116     .   0   .
117     .   0   .
118     .   0   .
119     .   0   .
120     .   0   .
121     .   0   .
122     .   0   .
123     .   0   .
124     .   0   .
125     .   0   .
126     .   0   .
127     .   0   .
128     .   0   .
129     .   0   .
130     .   0   .
131     .   0   .
132     .   0   .
133     .   0   .
134     .   0   .
135     .   0   .
136     .   0   .
137     .   0   .
138     .   0   .
139     .   0   .
140     .   0   .
141     .   0   .
142     .   0   .
143     .   0   .
144     .   0   .
145     .   0   .
146     .   0   .
147     .   0   .
148     .   0   .
149     .   0   .
150     .   0   .
151     .   0   .
152     .   0   .
153     .   0   .
154     .   0   .
155     .   0   .
156     .   0   .
157     .   0   .
158     .   0   .
159     .   0   .
160     .   0   .
161     .   0   .
162     .   0   .
163     .   0   .
164     .   0   .
165     .   0   .
SH001   .   .   0
SH002   .   .   0
SH003   .   .   0
SH004   .   .   0
SH005   .   .   0
SH006   .   .   0
SH007   .   .   0
SH008   .   .   0
SH009   .   .   0
SH010   .   .   0
SH011   .   .   0
SH012   .   .   0
SH013   .   .   0
SH014   .   .   0
SH015   .   .   0
SH016   .   .   0
SH017   .   .   0
SH018   .   .   0
SH019   .   .   0
SH020   .   .   0
SH021   .   .   0
SH022   .   .   0
SH023   .   .   0
SH024   .   .   0
SH025   .   .   0
SH026   .   .   0
SH027   .   .   0
SH028   .   .   0
SH029   .   .   0
SH030   .   .   0
SH031   .   .   0
SH032   .   .   0
SH033   .   .   0
SH034   .   .   0
SH035   .   .   0
SH036   .   .   0
SH037   .   .   0
SH038   .   .   0
SH039   .   .   0
SH040   .   .   0
SH041   .   .   0
SH042   .   .   0
SH043   .   .   0
SH044   .   .   0
SH045   .   .   0
SH046   .   .   0
SH047   .   .   0
SH048   .   .   0
SH049   .   .   0
SH050   .   .   0
SH051   .   .   0
SH052   .   .   0
SH053   .   .   0
SH054   .   .   0
SH055   .   .   0
SH056   .   .   0
SH057   .   .   0
SH058   .   .   0
SH059   .   .   0
SH060   .   .   0
SH061   .   .   0
SH062   .   .   0
SH063   .   .   0
SH064   .   .   0
SH065   .   .   0
SH066   .   .   0
SH067   .   .   0
SH068   .   .   0
SH069   .   .   0
SH070   .   .   0
SH071   .   .   0
SH072   .   .   0
SH073   .   .   0
SH074   .   .   0
SH075   .   .   0
SH076   .   .   0
SH077   .   .   0
SH078   .   .   0
SH079   .   .   0
SH080   .   .   0
SH081   .   .   0
SH082   .   .   0
SH083   .   .   0
SH084   .   .   0
SH085   .   .   0
SH086   .   .   0
SH087   .   .   0
SH088   .   .   0
SH089   .   .   0
SH090   .   .   0
SH091   .   .   0
SH092   .   .   0
SH093   .   .   0
SH094   .   .   0
SH095   .   .   0
SH096   .   .   0
SH097   .   .   0
SH098   .   .   0
SH099   .   .   0
SH100   .   .   0
SH101   .   .   0
SH102   .   .   0
SH103   .   .   0
SH104   .   .   0
SH105   .   .   0
SH106   .   .   0
SH107   .   .   0
SH108   .   .   0
SH109   .   .   0
SH110   .   .   0
SH111   .   .   0
SH112   .   .   0
SH113   .   .   0
SH114   .   .   0
SH115   .   .   0
SH116   .   .   0
SH117   .   .   0
SH118   .   .   0
SH119   .   .   0
SH120   .   .   0
SH121   .   .   0
SH122   .   .   0
SH123   .   .   0
SH124   .   .   0
SH125   .   .   0
SH126   .   .   0
SH127   .   .   0
SH128   .   .   0
SH129   .   .   0
SH130   .   .   0
SH131   .   .   0
SH132   .   .   0
SH133   .   .   0
SH134   .   .   0
SH135   .   .   0
SH136   .   .   0
SH137   .   .   0
SH138   .   .   0
SH139   .   .   0
SH140   .   .   0
SH141   .   .   0
SH142   .   .   0
SH143   .   .   0
SH144   .   .   0
SH145   .   .   0
SH146   .   .   0
SH147   .   .   0
SH148   .   .   0
SH149   .   .   0
SH150   .   .   0
SH151   .   .   0
SH152   .   .   0
SH153   .   .   0
SH154   .   .   0
SH155   .   .   0
SH156   .   .   0
SH157   .   .   0
SH158   .   .   0
SH159   .   .   0
SH160   .   .   0
SH161   .   .   0
SH162   .   .   0
SH163   .   .   0
SH164   .   .   0
SH165   .   .   0
SH166   .   .   0
SH167   .   .   0
SH168   .   .   0
SH169   .   .   0
SH170   .   .   0
SH171   .   .   0
SH172   .   .   0
SH173   .   .   0
SH174   .   .   0
SH175   .   .   0
SH176   .   .   0
SH177   .   .   0
SH178   .   .   0
SH179   .   .   0
SH180   .   .   0
SH181   .   .   0
SH182   .   .   0
SH183   .   .   0
SH184   .   .   0
SH185   .   .   0
SH186   .   .   0
SH187   .   .   0
SH188   .   .   0
SH189   .   .   0
SH190   .   .   0
SH191   .   .   0
SH192   .   .   0
SH193   .   .   0
SH194   .   .   0
SH195   .   .   0
SH196   .   .   0
SH197   .   .   0
SH198   .   .   0
SH199   .   .   0
SH200   .   .   0
SH201   .   .   0
SH202   .   .   0
SH203   .   .   0
SH204   .   .   0
SH205   .   .   0
SH206   .   .   0
SH207   .   .   0
SH208   .   .   0
SH209   .   .   0
SH210   .   .   0
SH211   .   .   0
SH212   .   .   0
SH213   .   .   0
SH214   .   .   0
SH215   .   .   0
SH216   .   .   0
SH217   .   .   0
SH218   .   .   0
SH219   .   .   0
SH220   .   .   0
SH221   .   .   0
SH222   .   .   0
SH223   .   .   0
SH224   .   .   0
SH225   .   .   0
SH226   .   .   0
SH227   .   .   0
SH228   .   .   0
SH229   .   .   0
SH230   .   .   0
SH231   .   .   0
SH232   .   .   0
SH233   .   .   0
SH234   .   .   0
SH235   .   .   0
SH236   .   .   0
SH237   .   .   0
SH238   .   .   0
SH239   .   .   0
SH240   .   .   0
SH241   .   .   0
SH242   .   .   0
SH243   .   .   0
SH244   .   .   0
SH245   .   .   0
SH246   .   .   0
SH247   .   .   0
SH248   .   .   0
SH249   .   .   0
SH250   .   .   0
SH251   .   .   0
SH252   .   .   0
SH253   .   .   0
SH254   .   .   0
SH255   .   .   0
SH256   .   .   0
SH257   .   .   0
SH258   .   .   0
SH259   .   .   0
SH260   .   .   0
SH261   .   .   0
SH262   .   .   0
SH263   .   .   0
SH264   .   .   0
SH265   .   .   0
SH266   .   .   0
SH267   .   .   0
SH268   .   .   0
SH269   .   .   0
SH270   .   .   0
SH271   .   .   0
SH272   .   .   0
SH273   .   .   0
SH274   .   .   0
SH275   .   .   0
SH276   .   .   0
SH277   .   .   0
SH278   .   .   0
SH279   .   .   0
SH280   .   .   0
SH281   .   .   0
SH282   .   .   0
SH283   .   .   0
SH284   .   .   0
SH285   .   .   0
SH286   .   .   0
SH287   .   .   0
SH288   .   .   0
SH289   .   .   0
SH290   .   .   0
SH291   .   .   0
SH292   .   .   0
SH293   .   .   0
SH294   .   .   0
SH295   .   .   0
SH296   .   .   0
SH297   .   .   0
SH298   .   .   0
SH299   .   .   0
SH300   .   .   0
SH301   .   .   0
SH302   .   .   0
SH303   .   .   0
SH304   .   .   0
SH305   .   .   0
SH306   .   .   0
SH307   .   .   0
SH308   .   .   0
SH309   .   .   0
SH310   .   .   0
SH311   .   .   0
SH312   .   .   0
SH313   .   .   0
SH314   .   .   0
SH315   .   .   0
SH316   .   .   0
SH317   .   .   0
SH318   .   .   0
SH319   .   .   0
SH320   .   .   0
SH321   .   .   0
SH322   .   .   0
SH323   .   .   0
SH324   .   .   0
SH325   .   .   0
SH326   .   .   0
SH327   .   .   0
SH328   .   .   0
SH329   .   .   0
SH330   .   .   0
SH331   .   .   0
SH332   .   .   0
SH333   .   .   0
SH334   .   .   0
SH335   .   .   0
SH336   .   .   0
SH337   .   .   0
SH338   .   .   0
SH339   .   .   0
SH340   .   .   0
SH341   .   .   0
SH342   .   .   0
SH343   .   .   0
SH344   .   .   0
SH345   .   .   0
SH346   .   .   0
SH347   .   .   0
SH348   .   .   0
SH349   .   .   0
SH350   .   .   0
SH351   .   .   0
SH352   .   .   0
SH353   .   .   0
SH354   .   .   0
SH355   .   .   0
SH356   .   .   0
SH357   .   .   0
SH358   .   .   0
SH359   .   .   0
SH360   .   .   0
SH361   .   .   0
SH362   .   .   0
SH363   .   .   0
SH364   .   .   0
SH365   .   .   0
SH366   .   .   0
SH367   .   .   0
SH368   .   .   0
SH369   .   .   0
SH370   .   .   0
SH371   .   .   0
SH372   .   .   0
SH373   .   .   0
SH374   .   .   0
SH375   .   .   0
SH376   .   .   0
SH377   .   .   0
SH378   .   .   0
SH379   .   .   0
SH380   .   .   0
SH381   .   .   0
SH382   .   .   0
SH383   .   .   0
SH384   .   .   0
SH385   .   .   0
SH386   .   .   0
SH387   .   .   0
SH388   .   .   0
SH389   .   .   0
SH390   .   .   0
SH391   .   .   0
SH392   .   .   0
SH393   .   .   0
SH394   .   .   0
SH395   .   .   0
SH396   .   .   0
SH397   .   .   0
SH398   .   .   0
SH399   .   .   0
SH400   .   .   0
SH401   .   .   0
SH402   .   .   0
SH403   .   .   0
SH404   .   .   0
SH405   .   .   0
SH406   .   .   0
SH407   .   .   0
SH408   .   .   0
SH409   .   .   0
SH410   .   .   0
SH411   .   .   0
SH412   .   .   0
SH413   .   .   0
SH414   .   .   0
SH415   .   .   0
SH416   .   .   0
SH417   .   .   0
SH418   .   .   0
SH419   .   .   0
SH420   .   .   0
SH421   .   .   0
SH422   .   .   0
SH423   .   .   0
SH424   .   .   0
SH425   .   .   0
SH426   .   .   0
SH427   .   .   0
SH428   .   .   0
SH429   .   .   0
SH430   .   .   0
SH431   .   .   0
SH432   .   .   0
SH433   .   .   0
SH434   .   .   0
SH435   .   .   0
SH436   .   .   0
SH437   .   .   0
SH438   .   .   0
SH439   .   .   0
SH440   .   .   0
SH441   .   .   0
SH442   .   .   0
SH443   .   .   0
SH444   .   .   0
SH445   .   .   0
SH446   .   .   0
SH447   .   .   0
SH448   .   .   0
SH449   .   .   0
SH450   .   .   0
SH451   .   .   0
SH452   .   .   0
SH453   .   .   0
SH454   .   .   0
SH455   .   .   0
SH456   .   .   0
SH457   .   .   0
SH458   .   .   0
SH459   .   .   0
SH460   .   .   0
SH461   .   .   0
SH462   .   .   0
SH463   .   .   0
SH464   .   .   0
SH465   .   .   0
SH466   .   .   0
SH467   .   .   0
SH468   .   .   0
SH469   .   .   0
SH470   .   .   0
SH471   .   .   0
SH472   .   .   0
SH473   .   .   0
SH474   .   .   0
SH475   .   .   0
SH476   .   .   0
SH477   .   .   0
SH478   .   .   0
SH479   .   .   0
SH480   .   .   0
SH481   .   .   0
SH482   .   .   0
SH483   .   .   0
SH484   .   .   0
SH485   .   .   0
SH486   .   .   0
SH487   .   .   0
SH488   .   .   0
SH489   .   .   0
SH490   .   .   0
SH491   .   .   0
SH492   .   .   0
SH493   .   .   0
SH494   .   .   0
SH495   .   .   0
SH496   .   .   0
SH497   .   .   0
SH498   .   .   0
SH499   .   .   0
SH500   .   .   0
SH501   .   .   0
SH502   .   .   0
SH503   .   .   0
SH504   .   .   0
SH505   .   .   0
SH506   .   .   0
SH507   .   .   0
SH508   .   .   0
SH509   .   .   0
SH510   .   .   0
SH511   .   .   0
SH512   .   .   0
SH513   .   .   0
SH514   .   .   0
SH515   .   .   0
SH516   .   .   0
SH517   .   .   0
SH518   .   .   0
SH519   .   .   0
SH520   .   .   0
SH521   .   .   0
SH522   .   .   0
SH523   .   .   0
SH524   .   .   0
SH525   .   .   0
SH526   .   .   0
SH527   .   .   0
SH528   .   .   0
SH529   .   .   0
SH530   .   .   0
SH531   .   .   0
SH532   .   .   0
SH533   .   .   0
SH534   .   .   0
SH535   .   .   0
SH536   .   .   0
SH537   .   .   0
SH538   .   .   0
SH539   .   .   0
SH540   .   .   0
SH541   .   .   0
SH542   .   .   0
SH543   .   .   0
SH544   .   .   0
SH545   .   .   0
SH546   .   .   0
SH547   .   .   0
SH548   .   .   0
SH549   .   .   0
SH550   .   .   0
SH551   .   .   0
SH552   .   .   0
SH553   .   .   0
SH554   .   .   0
SH555   .   .   0
SH556   .   .   0
SH557   .   .   0
;

co1.slack = 5394110

:     co2.slack co3.slack co4.slack co4.dual    :=
1       1114480      -2        .         .
2        874757      -5        .         .
3        821536      -3        .         .
4       1031480       8        .         .
5        838183       0        .         .
6        889054       1        .         .
7        851088       1        .         .
8        808375     -11        .         .
9        955787       3        .         .
10      1031720      -3        .         .
11      1090560       5        .         .
12      1024870      -6        .         .
13      1022350      10        .         .
14      1044850       6        .         .
15       984092       0        .         .
16      1040400       0        .         .
17      1140850       6        .         .
18      1082570       1        .         .
19      1103970       6        .         .
20      1103470       2        .         .
21      1199380       6        .         .
22      1190060      -4        .         .
23      1155940       3        .         .
24      1170510      -3        .         .
25      1158960       0        .         .
26      1160210       3        .         .
27      1143400      -1        .         .
28      1173000      -4        .         .
29      1165460       0        .         .
30      1179710       3        .         .
31      1179590       0        .         .
32      1113840       1        .         .
33      1113490       1        .         .
34      1108450       1        .         .
35      1136010       0        .         .
36      1145440       0        .         .
37      1071310       0        .         .
38      1069760       0        .         .
39      1160130       0        .         .
40      1191160       0        .         .
41       659253       1        .         .
42       813373       0        .         .
43       962523       1        .         .
44       833948      -2        .         .
45       895605       2        .         .
46       718478       2        .         .
47       825703      -1        .         .
48       653744       1        .         .
49       584827       0        .         .
50       667262       1        .         .
51      1155620      -1        .         .
52      1087290       0        .         .
53      1062180       0        .         .
54       996782       0        .         .
55      1022400       2        .         .
56      1096730       3        .         .
57      1090200       1        .         .
58      1078720       1        .         .
59      1076780       5        .         .
60      1120480       4        .         .
61       882780      -2        .         .
62       697919       1        .         .
63       260044       0        .         .
64       669759       1        .         .
65       735723      -2        .         .
66       815286       0        .         .
67       546306       1        .         .
68       596049      -3        .         .
69       293798      -3        .         .
70       786168       1        .         .
71       872700       3        .         .
72       885411       0        .         .
73         .         -1        .         .
74         .          1        .         .
75         .         -1        .         .
76         .          0        .         .
77         .          4        .         .
78         .          0        .         .
79         .         -3        .         .
80         .          3        .         .
81         .          2        .         .
82         .          4        .         .
83         .         -1        .         .
84         .          2        .         .
85         .          0        .         .
86         .         -1        .         .
87         .          0        .         .
88         .          2        .         .
89         .          0        .         .
90         .          1        .         .
91         .         -2        .         .
92         .          1        .         .
93         .         -1        .         .
94         .         -1        .         .
95         .          0        .         .
96         .          3        .         .
97         .         -2        .         .
98         .         -2        .         .
99         .          1        .         .
100        .          0        .         .
101        .         -1        .         .
102        .         -3        .         .
103        .          3        .         .
104        .         -1        .         .
105        .         -1        .         .
106        .         -3        .         .
107        .          2        .         .
108        .          0        .         .
109        .          4        .         .
110        .          4        .         .
111        .         -1        .         .
112        .          2        .         .
113        .         -2        .         .
114        .          0        .         .
115        .          1        .         .
116        .          3        .         .
117        .         -1        .         .
118        .          0        .         .
119        .          4        .         .
120        .          1        .         .
121        .          1        .         .
122        .          0        .         .
123        .         -1        .         .
124        .         -1        .         .
125        .          3        .         .
126        .         -3        .         .
127        .          2        .         .
128        .          1        .         .
129        .          0        .         .
130        .         -2        .         .
131        .          0        .         .
132        .         -1        .         .
133        .         -3        .         .
134        .         -3        .         .
135        .         -3        .         .
136        .          0        .         .
137        .         -1        .         .
138        .         -2        .         .
139        .         -1        .         .
140        .          1        .         .
141        .          3        .         .
142        .          2        .         .
143        .          2        .         .
144        .          2        .         .
145        .         -1        .         .
146        .         -1        .         .
147        .          1        .         .
148        .          5        .         .
149        .         -2        .         .
150        .          2        .         .
151        .          2        .         .
152        .          0        .         .
153        .          2        .         .
154        .         -1        .         .
155        .          0        .         .
156        .          3        .         .
157        .          0        .         .
158        .          1        .         .
159        .          1        .         .
160        .          3        .         .
161        .          1        .         .
162        .         -1        .         .
163        .         -1        .         .
164        .          5        .         .
165        .         -2        .         .
SH001      .         .       10000      0
SH002      .         .       10000      0
SH003      .         .       10000      0
SH004      .         .       10000      0
SH005      .         .       10000      0
SH006      .         .       10000      0
SH007      .         .       10000      0
SH008      .         .       10000      0
SH009      .         .       10000      0
SH010      .         .       10000      0
SH011      .         .        9556      0
SH012      .         .       10000      0
SH013      .         .        9368      0
SH014      .         .       10000      0
SH015      .         .       10000      0
SH016      .         .       10000      0
SH017      .         .       10000      0
SH018      .         .       10000      0
SH019      .         .        9917      0
SH020      .         .       10000      0
SH021      .         .       10000      0
SH022      .         .       10000      0
SH023      .         .       10000      0
SH024      .         .        9984      0
SH025      .         .        9624      0
SH026      .         .       10000      0
SH027      .         .        9474      0
SH028      .         .       10000      0
SH029      .         .        9517      0
SH030      .         .       10000      0
SH031      .         .        9455      0
SH032      .         .        9351      0
SH033      .         .       10000      0
SH034      .         .        9275      0
SH035      .         .       10000      0
SH036      .         .       10000      0
SH037      .         .       10000      0
SH038      .         .        9912      0
SH039      .         .        9667      0
SH040      .         .        9250      0
SH041      .         .        9804      0
SH042      .         .       10000      0
SH043      .         .       10000      0
SH044      .         .        9565      0
SH045      .         .       10000      0
SH046      .         .       10000      0
SH047      .         .        9686      0
SH048      .         .       10000      0
SH049      .         .       10000      0
SH050      .         .        9759      0
SH051      .         .       10000      0
SH052      .         .       10000      0
SH053      .         .       10000      0
SH054      .         .       10000      0
SH055      .         .       10000      0
SH056      .         .       10000      0
SH057      .         .        9841      0
SH058      .         .        9397      0
SH059      .         .       10000      0
SH060      .         .       10000      0
SH061      .         .        9145      0
SH062      .         .        9455      0
SH063      .         .       10000      0
SH064      .         .       10000      0
SH065      .         .       10000      0
SH066      .         .       10000      0
SH067      .         .       10000      0
SH068      .         .        9713      0
SH069      .         .       10000      0
SH070      .         .       10000      0
SH071      .         .       10000      0
SH072      .         .        9767      0
SH073      .         .       10000      0
SH074      .         .       10000      0
SH075      .         .       10000      0
SH076      .         .        9909      0
SH077      .         .       10000      0
SH078      .         .       10000      0
SH079      .         .       10000      0
SH080      .         .        9484      0
SH081      .         .        9699      0
SH082      .         .        9699      0
SH083      .         .       10000      0
SH084      .         .       10000      0
SH085      .         .       10000      0
SH086      .         .       10000      0
SH087      .         .       10000      0
SH088      .         .        9827      0
SH089      .         .       10000      0
SH090      .         .        9409      0
SH091      .         .       10000      0
SH092      .         .       10000      0
SH093      .         .       10000      0
SH094      .         .        9696      0
SH095      .         .        9596      0
SH096      .         .        9240      0
SH097      .         .       10000      0
SH098      .         .       10000      0
SH099      .         .       10000      0
SH100      .         .       10000      0
SH101      .         .       10000      0
SH102      .         .       10000      0
SH103      .         .       10000      0
SH104      .         .       10000      0
SH105      .         .        8936      0
SH106      .         .       10000      0
SH107      .         .        9961      0
SH108      .         .       10000      0
SH109      .         .       10000      0
SH110      .         .        9311      0
SH111      .         .       10000      0
SH112      .         .       10000      0
SH113      .         .        9578      0
SH114      .         .       10000      0
SH115      .         .        9928      0
SH116      .         .       10000      0
SH117      .         .       10000      0
SH118      .         .        9887      0
SH119      .         .       10000      0
SH120      .         .       10000      0
SH121      .         .        8143      0
SH122      .         .       10000      0
SH123      .         .       10000      0
SH124      .         .       10000      0
SH125      .         .       10000      0
SH126      .         .       10000      0
SH127      .         .       10000      0
SH128      .         .       10000      0
SH129      .         .       10000      0
SH130      .         .       10000      0
SH131      .         .       10000      0
SH132      .         .       10000      0
SH133      .         .       10000      0
SH134      .         .       10000      0
SH135      .         .       10000      0
SH136      .         .       10000      0
SH137      .         .       10000      0
SH138      .         .       10000      0
SH139      .         .       10000      0
SH140      .         .       10000      0
SH141      .         .       10000      0
SH142      .         .        9810      0
SH143      .         .       10000      0
SH144      .         .        9924      0
SH145      .         .       10000      0
SH146      .         .       10000      0
SH147      .         .        9577      0
SH148      .         .       10000      0
SH149      .         .       10000      0
SH150      .         .        9715      0
SH151      .         .       10000      0
SH152      .         .       10000      0
SH153      .         .       10000      0
SH154      .         .        9879      0
SH155      .         .       10000      0
SH156      .         .       10000      0
SH157      .         .       10000      0
SH158      .         .       10000      0
SH159      .         .       10000      0
SH160      .         .       10000      0
SH161      .         .       10000      0
SH162      .         .       10000      0
SH163      .         .       10000      0
SH164      .         .       10000      0
SH165      .         .        9147      0
SH166      .         .       10000      0
SH167      .         .       10000      0
SH168      .         .       10000      0
SH169      .         .       10000      0
SH170      .         .       10000      0
SH171      .         .       10000      0
SH172      .         .       10000      0
SH173      .         .        9880      0
SH174      .         .       10000      0
SH175      .         .       10000      0
SH176      .         .        9670      0
SH177      .         .       10000      0
SH178      .         .       10000      0
SH179      .         .       10000      0
SH180      .         .       10000      0
SH181      .         .       10000      0
SH182      .         .       10000      0
SH183      .         .        9895      0
SH184      .         .       10000      0
SH185      .         .       10000      0
SH186      .         .       10000      0
SH187      .         .        9963      0
SH188      .         .       10000      0
SH189      .         .       10000      0
SH190      .         .       10000      0
SH191      .         .       10000      0
SH192      .         .       10000      0
SH193      .         .       10000      0
SH194      .         .       10000      0
SH195      .         .        9862      0
SH196      .         .       10000      0
SH197      .         .        9105      0
SH198      .         .       10000      0
SH199      .         .       10000      0
SH200      .         .       10000      0
SH201      .         .        9122      0
SH202      .         .       10000      0
SH203      .         .        9128      0
SH204      .         .       10000      0
SH205      .         .        9586      0
SH206      .         .       10000      0
SH207      .         .       10000      0
SH208      .         .       10000      0
SH209      .         .        9202      0
SH210      .         .       10000      0
SH211      .         .       10000      0
SH212      .         .       10000      0
SH213      .         .        9744      0
SH214      .         .       10000      0
SH215      .         .       10000      0
SH216      .         .       10000      0
SH217      .         .        9650      0
SH218      .         .       10000      0
SH219      .         .       10000      0
SH220      .         .       10000      0
SH221      .         .        8997      0
SH222      .         .       10000      0
SH223      .         .        9029      0
SH224      .         .        9394      0
SH225      .         .        9074      0
SH226      .         .        9340      0
SH227      .         .        9223      0
SH228      .         .       10000      0
SH229      .         .        9816      0
SH230      .         .        9572      0
SH231      .         .       10000      0
SH232      .         .       10000      0
SH233      .         .        9569      0
SH234      .         .        9364      0
SH235      .         .        9675      0
SH236      .         .        9470      0
SH237      .         .       10000      0
SH238      .         .        9925      0
SH239      .         .       10000      0
SH240      .         .       10000      0
SH241      .         .       10000      0
SH242      .         .       10000      0
SH243      .         .       10000      0
SH244      .         .       10000      0
SH245      .         .        9712      0
SH246      .         .       10000      0
SH247      .         .       10000      0
SH248      .         .        9986      0
SH249      .         .        9237      0
SH250      .         .       10000      0
SH251      .         .       10000      0
SH252      .         .       10000      0
SH253      .         .        9509      0
SH254      .         .        9753      0
SH255      .         .       10000      0
SH256      .         .        8834      0
SH257      .         .       10000      0
SH258      .         .       10000      0
SH259      .         .        9975      0
SH260      .         .       10000      0
SH261      .         .        9283      0
SH262      .         .        8734      0
SH263      .         .       10000      0
SH264      .         .       10000      0
SH265      .         .        9980      0
SH266      .         .       10000      0
SH267      .         .       10000      0
SH268      .         .       10000      0
SH269      .         .        9078      0
SH270      .         .       10000      0
SH271      .         .       10000      0
SH272      .         .       10000      0
SH273      .         .       10000      0
SH274      .         .        9879      0
SH275      .         .       10000      0
SH276      .         .       10000      0
SH277      .         .        9113      0
SH278      .         .       10000      0
SH279      .         .       10000      0
SH280      .         .       10000      0
SH281      .         .        9849      0
SH282      .         .        9088      0
SH283      .         .       10000      0
SH284      .         .       10000      0
SH285      .         .       10000      0
SH286      .         .       10000      0
SH287      .         .        9133      0
SH288      .         .       10000      0
SH289      .         .        9963      0
SH290      .         .       10000      0
SH291      .         .       10000      0
SH292      .         .       10000      0
SH293      .         .       10000      0
SH294      .         .       10000      0
SH295      .         .        9008      0
SH296      .         .       10000      0
SH297      .         .       10000      0
SH298      .         .        9650      0
SH299      .         .        9818      0
SH300      .         .        9140      0
SH301      .         .       10000      0
SH302      .         .       10000      0
SH303      .         .       10000      0
SH304      .         .       10000      0
SH305      .         .       10000      0
SH306      .         .       10000      0
SH307      .         .       10000      0
SH308      .         .        9601      0
SH309      .         .       10000      0
SH310      .         .       10000      0
SH311      .         .       10000      0
SH312      .         .        9653      0
SH313      .         .        9084      0
SH314      .         .        9792      0
SH315      .         .       10000      0
SH316      .         .        9323      0
SH317      .         .        9728      0
SH318      .         .       10000      0
SH319      .         .       10000      0
SH320      .         .        9097      0
SH321      .         .       10000      0
SH322      .         .       10000      0
SH323      .         .       10000      0
SH324      .         .       10000      0
SH325      .         .       10000      0
SH326      .         .       10000      0
SH327      .         .       10000      0
SH328      .         .       10000      0
SH329      .         .        9622      0
SH330      .         .       10000      0
SH331      .         .       10000      0
SH332      .         .       10000      0
SH333      .         .       10000      0
SH334      .         .        9308      0
SH335      .         .       10000      0
SH336      .         .       10000      0
SH337      .         .       10000      0
SH338      .         .        9547      0
SH339      .         .       10000      0
SH340      .         .        9505      0
SH341      .         .        9950      0
SH342      .         .       10000      0
SH343      .         .       10000      0
SH344      .         .       10000      0
SH345      .         .        9639      0
SH346      .         .       10000      0
SH347      .         .       10000      0
SH348      .         .        9977      0
SH349      .         .       10000      0
SH350      .         .       10000      0
SH351      .         .       10000      0
SH352      .         .        9453      0
SH353      .         .       10000      0
SH354      .         .       10000      0
SH355      .         .       10000      0
SH356      .         .       10000      0
SH357      .         .       10000      0
SH358      .         .       10000      0
SH359      .         .        9986      0
SH360      .         .       10000      0
SH361      .         .        9926      0
SH362      .         .       10000      0
SH363      .         .       10000      0
SH364      .         .       10000      0
SH365      .         .       10000      0
SH366      .         .       10000      0
SH367      .         .        9829      0
SH368      .         .       10000      0
SH369      .         .       10000      0
SH370      .         .       10000      0
SH371      .         .       10000      0
SH372      .         .       10000      0
SH373      .         .        9985      0
SH374      .         .       10000      0
SH375      .         .       10000      0
SH376      .         .       10000      0
SH377      .         .       10000      0
SH378      .         .        9554      0
SH379      .         .        9592      0
SH380      .         .       10000      0
SH381      .         .       10000      0
SH382      .         .       10000      0
SH383      .         .       10000      0
SH384      .         .        8867      0
SH385      .         .       10000      0
SH386      .         .       10000      0
SH387      .         .       10000      0
SH388      .         .       10000      0
SH389      .         .       10000      0
SH390      .         .       10000      0
SH391      .         .       10000      0
SH392      .         .       10000      0
SH393      .         .       10000      0
SH394      .         .       10000      0
SH395      .         .        9693      0
SH396      .         .       10000      0
SH397      .         .       10000      0
SH398      .         .       10000      0
SH399      .         .        9945      0
SH400      .         .       10000      0
SH401      .         .       10000      0
SH402      .         .       10000      0
SH403      .         .       10000      0
SH404      .         .       10000      0
SH405      .         .       10000      0
SH406      .         .       10000      0
SH407      .         .        9464      0
SH408      .         .       10000      0
SH409      .         .       10000      0
SH410      .         .       10000      0
SH411      .         .        9813      0
SH412      .         .       10000      0
SH413      .         .       10000      0
SH414      .         .       10000      0
SH415      .         .       10000      0
SH416      .         .       10000      0
SH417      .         .        9444      0
SH418      .         .       10000      0
SH419      .         .        9452      0
SH420      .         .       10000      0
SH421      .         .        9804      0
SH422      .         .       10000      0
SH423      .         .        8531      0
SH424      .         .       10000      0
SH425      .         .        9276      0
SH426      .         .       10000      0
SH427      .         .        8584      0
SH428      .         .       10000      0
SH429      .         .       10000      0
SH430      .         .        9641      0
SH431      .         .       10000      0
SH432      .         .       10000      0
SH433      .         .       10000      0
SH434      .         .       10000      0
SH435      .         .       10000      0
SH436      .         .       10000      0
SH437      .         .       10000      0
SH438      .         .       10000      0
SH439      .         .       10000      0
SH440      .         .       10000      0
SH441      .         .       10000      0
SH442      .         .       10000      0
SH443      .         .       10000      0
SH444      .         .       10000      0
SH445      .         .        9224      0
SH446      .         .       10000      0
SH447      .         .       10000      0
SH448      .         .       10000      0
SH449      .         .        9717      0
SH450      .         .       10000      0
SH451      .         .        9867      0
SH452      .         .       10000      0
SH453      .         .        8742      0
SH454      .         .       10000      0
SH455      .         .       10000      0
SH456      .         .        9944      0
SH457      .         .       10000      0
SH458      .         .       10000      0
SH459      .         .       10000      0
SH460      .         .       10000      0
SH461      .         .       10000      0
SH462      .         .        9698      0
SH463      .         .       10000      0
SH464      .         .       10000      0
SH465      .         .        9468      0
SH466      .         .        9483      0
SH467      .         .        9529      0
SH468      .         .       10000      0
SH469      .         .       10000      0
SH470      .         .        9717      0
SH471      .         .        9613      0
SH472      .         .       10000      0
SH473      .         .        9155      0
SH474      .         .        9592      0
SH475      .         .       10000      0
SH476      .         .        9640      0
SH477      .         .        8948      0
SH478      .         .        9411      0
SH479      .         .        9549      0
SH480      .         .       10000      0
SH481      .         .       10000      0
SH482      .         .        9738      0
SH483      .         .        9141      0
SH484      .         .       10000      0
SH485      .         .       10000      0
SH486      .         .       10000      0
SH487      .         .       10000      0
SH488      .         .       10000      0
SH489      .         .        9724      0
SH490      .         .        8875      0
SH491      .         .        9606      0
SH492      .         .       10000      0
SH493      .         .       10000      0
SH494      .         .       10000      0
SH495      .         .       10000      0
SH496      .         .       10000      0
SH497      .         .        9503      0
SH498      .         .       10000      0
SH499      .         .       10000      0
SH500      .         .        9203      0
SH501      .         .        8929      0
SH502      .         .       10000      0
SH503      .         .       10000      0
SH504      .         .       10000      0
SH505      .         .       10000      0
SH506      .         .       10000      0
SH507      .         .       10000      0
SH508      .         .        9114      0
SH509      .         .       10000      0
SH510      .         .       10000      0
SH511      .         .        9263      0
SH512      .         .        9502      0
SH513      .         .        9824      0
SH514      .         .        9581      0
SH515      .         .       10000      0
SH516      .         .        8889      0
SH517      .         .       10000      0
SH518      .         .       10000      0
SH519      .         .       10000      0
SH520      .         .       10000      0
SH521      .         .        9531      0
SH522      .         .       10000      0
SH523      .         .       10000      0
SH524      .         .       10000      0
SH525      .         .        9595      0
SH526      .         .       10000      0
SH527      .         .       10000      0
SH528      .         .       10000      0
SH529      .         .       10000      0
SH530      .         .       10000      0
SH531      .         .       10000      0
SH532      .         .        9384      0
SH533      .         .       10000      0
SH534      .         .       10000      0
SH535      .         .        9273      0
SH536      .         .       10000      0
SH537      .         .       10000      0
SH538      .         .       10000      0
SH539      .         .       10000      0
SH540      .         .        9462      0
SH541      .         .       10000      0
SH542      .         .       10000      0
SH543      .         .        9814      0
SH544      .         .        9971      0
SH545      .         .       10000      0
SH546      .         .       10000      0
SH547      .         .       10000      0
SH548      .         .       10000      0
SH549      .         .       10000      0
SH550      .         .       10000      0
SH551      .         .       10000      0
SH552      .         .        9893      0
SH553      .         .       10000      0
SH554      .         .       10000      0
SH555      .         .       10000      0
SH556      .         .        9212      0
SH557      .         .        9606      0
;
